
@RegressionTest
Scenario Outline: check the Storage account functionality             # src/test/java/features/AmazonFireTV.feature:66
  And user click on bold All link on the left side of the application # steps.AmazonFireTVSteps.user_click_on_bold_all_link_on_the_left_side_of_the_application()
  And user click on fire Tv link                                      # steps.AmazonFireTVSteps.user_click_on_fire_tv_link()
  And user click Amazon Photos link                                   # steps.AmazonFireTVSteps.userClickAmazonPhotosLink()
  And user click on Storage                                           # steps.AmazonFireTVSteps.userClickOnStorage()
  And user enter "jasmain@gmail.com" email in the text field          # steps.AmazonFireTVSteps.userEnterEmailInTheTextField(java.lang.String)
  And user enter "test12345" password in password field               # steps.AmazonFireTVSteps.userEnterPasswordInPasswordField(java.lang.String)
  When user click on Sign-in button                                   # steps.AmazonFireTVSteps.userClickOnSignInButton()

@RegressionTest
Scenario Outline: check the Storage account functionality             # src/test/java/features/AmazonFireTV.feature:67
  And user click on bold All link on the left side of the application # steps.AmazonFireTVSteps.user_click_on_bold_all_link_on_the_left_side_of_the_application()
  And user click on fire Tv link                                      # steps.AmazonFireTVSteps.user_click_on_fire_tv_link()
  And user click Amazon Photos link                                   # steps.AmazonFireTVSteps.userClickAmazonPhotosLink()
  And user click on Storage                                           # steps.AmazonFireTVSteps.userClickOnStorage()
  And user enter "tahmina" email in the text field                    # steps.AmazonFireTVSteps.userEnterEmailInTheTextField(java.lang.String)
  And user enter "bddhdaud1234" password in password field            # steps.AmazonFireTVSteps.userEnterPasswordInPasswordField(java.lang.String)
  When user click on Sign-in button                                   # steps.AmazonFireTVSteps.userClickOnSignInButton()

@RegressionTest @mahmud
Scenario: Amazon login signIn functionality checking using valid credential               # src/test/java/features/SignIn.feature:23
  Given user on amazon Sign-In page                                                       # steps.SignInPageSteps.user_on_amazon_sign_in_page()
  And user enter valid "lounas@gmail.com" email address or phone number in username field # steps.SignInPageSteps.user_enter_valid_email_address_or_phone_number_in_username_field(java.lang.String)
  And user click on continue button                                                       # steps.SignInPageSteps.user_click_on_continue_button()
  And user enter valid password in password Field                                         # steps.SignInPageSteps.user_enter_valid_password_in_password_field(io.cucumber.datatable.DataTable)
      io.cucumber.core.exception.CucumberException: Step [user enter valid password in password Field] is defined with 1 parameters at 'steps.SignInPageSteps.user_enter_valid_password_in_password_field(io.cucumber.datatable.DataTable)'.
However, the gherkin step has 0 arguments.
Step text: user enter valid password in password Field
	at io.cucumber.core.runner.PickleStepDefinitionMatch.arityMismatch(PickleStepDefinitionMatch.java:83)
	at io.cucumber.core.runner.PickleStepDefinitionMatch.runStep(PickleStepDefinitionMatch.java:42)
	at io.cucumber.core.runner.ExecutionMode$1.execute(ExecutionMode.java:10)
	at io.cucumber.core.runner.TestStep.executeStep(TestStep.java:86)
	at io.cucumber.core.runner.TestStep.run(TestStep.java:57)
	at io.cucumber.core.runner.PickleStepTestStep.run(PickleStepTestStep.java:51)
	at io.cucumber.core.runner.TestCase.run(TestCase.java:95)
	at io.cucumber.core.runner.Runner.runPickle(Runner.java:75)
	at io.cucumber.junit.PickleRunners$NoStepDescriptions.lambda$run$0(PickleRunners.java:151)
	at io.cucumber.core.runtime.CucumberExecutionContext.lambda$runTestCase$3(CucumberExecutionContext.java:146)
	at io.cucumber.core.runtime.RethrowingThrowableCollector.executeAndThrow(RethrowingThrowableCollector.java:23)
	at io.cucumber.core.runtime.CucumberExecutionContext.runTestCase(CucumberExecutionContext.java:146)
	at io.cucumber.junit.PickleRunners$NoStepDescriptions.run(PickleRunners.java:148)
	at io.cucumber.junit.FeatureRunner.runChild(FeatureRunner.java:144)
	at io.cucumber.junit.FeatureRunner.runChild(FeatureRunner.java:28)
	at org.junit.runners.ParentRunner$4.run(ParentRunner.java:331)
	at org.junit.runners.ParentRunner$1.schedule(ParentRunner.java:79)
	at org.junit.runners.ParentRunner.runChildren(ParentRunner.java:329)
	at org.junit.runners.ParentRunner.access$100(ParentRunner.java:66)
	at org.junit.runners.ParentRunner$2.evaluate(ParentRunner.java:293)
	at org.junit.runners.ParentRunner$3.evaluate(ParentRunner.java:306)
	at org.junit.runners.ParentRunner.run(ParentRunner.java:413)
	at io.cucumber.junit.FeatureRunner.run(FeatureRunner.java:137)
	at io.cucumber.junit.Cucumber.runChild(Cucumber.java:196)
	at io.cucumber.junit.Cucumber.runChild(Cucumber.java:89)
	at org.junit.runners.ParentRunner$4.run(ParentRunner.java:331)
	at org.junit.runners.ParentRunner$1.schedule(ParentRunner.java:79)
	at org.junit.runners.ParentRunner.runChildren(ParentRunner.java:329)
	at org.junit.runners.ParentRunner.access$100(ParentRunner.java:66)
	at org.junit.runners.ParentRunner$2.evaluate(ParentRunner.java:293)
	at io.cucumber.junit.Cucumber$RunBeforeAllHooks.evaluate(Cucumber.java:266)
	at io.cucumber.junit.Cucumber$RunAfterAllHooks.evaluate(Cucumber.java:281)
	at io.cucumber.junit.Cucumber$StartTestRun.evaluate(Cucumber.java:233)
	at io.cucumber.junit.Cucumber$FinishTestRun.evaluate(Cucumber.java:248)
	at org.junit.runners.ParentRunner$3.evaluate(ParentRunner.java:306)
	at org.junit.runners.ParentRunner.run(ParentRunner.java:413)
	at org.junit.runner.JUnitCore.run(JUnitCore.java:137)
	at com.intellij.junit4.JUnit4IdeaTestRunner.startRunnerWithArgs(JUnit4IdeaTestRunner.java:69)
	at com.intellij.rt.junit.IdeaTestRunner$Repeater$1.execute(IdeaTestRunner.java:38)
	at com.intellij.rt.execution.junit.TestsRepeater.repeat(TestsRepeater.java:11)
	at com.intellij.rt.junit.IdeaTestRunner$Repeater.startRunnerWithArgs(IdeaTestRunner.java:35)
	at com.intellij.rt.junit.JUnitStarter.prepareStreamsAndStart(JUnitStarter.java:235)
	at com.intellij.rt.junit.JUnitStarter.main(JUnitStarter.java:54)


    Embedding demo1 [image/png 66635 bytes]

  When user click on Sign-In button                                                       # steps.SignInPageSteps.user_click_on_sign_in_button()
  And user should be able to see the valid "Hello,Lounas" user name                       # steps.SignInPageSteps.user_should_be_able_to_see_the_valid_user_name(java.lang.String)

@RegressionTest @SmokeTest @mahmud1
Scenario: Amazon login signIn functionality checking using valid credential               # src/test/java/features/SignIn.feature:33
  Given user on amazon Sign-In page                                                       # steps.SignInPageSteps.user_on_amazon_sign_in_page()
  And user enter valid "lounas@gmail.com" email address or phone number in username field # steps.SignInPageSteps.user_enter_valid_email_address_or_phone_number_in_username_field(java.lang.String)
  And user click on continue button                                                       # steps.SignInPageSteps.user_click_on_continue_button()
  And user enter valid password in password Field                                         # steps.SignInPageSteps.user_enter_valid_password_in_password_field(io.cucumber.datatable.DataTable)
      io.cucumber.core.exception.CucumberException: Step [user enter valid password in password Field] is defined with 1 parameters at 'steps.SignInPageSteps.user_enter_valid_password_in_password_field(io.cucumber.datatable.DataTable)'.
However, the gherkin step has 0 arguments.
Step text: user enter valid password in password Field
	at io.cucumber.core.runner.PickleStepDefinitionMatch.arityMismatch(PickleStepDefinitionMatch.java:83)
	at io.cucumber.core.runner.PickleStepDefinitionMatch.runStep(PickleStepDefinitionMatch.java:42)
	at io.cucumber.core.runner.ExecutionMode$1.execute(ExecutionMode.java:10)
	at io.cucumber.core.runner.TestStep.executeStep(TestStep.java:86)
	at io.cucumber.core.runner.TestStep.run(TestStep.java:57)
	at io.cucumber.core.runner.PickleStepTestStep.run(PickleStepTestStep.java:51)
	at io.cucumber.core.runner.TestCase.run(TestCase.java:95)
	at io.cucumber.core.runner.Runner.runPickle(Runner.java:75)
	at io.cucumber.junit.PickleRunners$NoStepDescriptions.lambda$run$0(PickleRunners.java:151)
	at io.cucumber.core.runtime.CucumberExecutionContext.lambda$runTestCase$3(CucumberExecutionContext.java:146)
	at io.cucumber.core.runtime.RethrowingThrowableCollector.executeAndThrow(RethrowingThrowableCollector.java:23)
	at io.cucumber.core.runtime.CucumberExecutionContext.runTestCase(CucumberExecutionContext.java:146)
	at io.cucumber.junit.PickleRunners$NoStepDescriptions.run(PickleRunners.java:148)
	at io.cucumber.junit.FeatureRunner.runChild(FeatureRunner.java:144)
	at io.cucumber.junit.FeatureRunner.runChild(FeatureRunner.java:28)
	at org.junit.runners.ParentRunner$4.run(ParentRunner.java:331)
	at org.junit.runners.ParentRunner$1.schedule(ParentRunner.java:79)
	at org.junit.runners.ParentRunner.runChildren(ParentRunner.java:329)
	at org.junit.runners.ParentRunner.access$100(ParentRunner.java:66)
	at org.junit.runners.ParentRunner$2.evaluate(ParentRunner.java:293)
	at org.junit.runners.ParentRunner$3.evaluate(ParentRunner.java:306)
	at org.junit.runners.ParentRunner.run(ParentRunner.java:413)
	at io.cucumber.junit.FeatureRunner.run(FeatureRunner.java:137)
	at io.cucumber.junit.Cucumber.runChild(Cucumber.java:196)
	at io.cucumber.junit.Cucumber.runChild(Cucumber.java:89)
	at org.junit.runners.ParentRunner$4.run(ParentRunner.java:331)
	at org.junit.runners.ParentRunner$1.schedule(ParentRunner.java:79)
	at org.junit.runners.ParentRunner.runChildren(ParentRunner.java:329)
	at org.junit.runners.ParentRunner.access$100(ParentRunner.java:66)
	at org.junit.runners.ParentRunner$2.evaluate(ParentRunner.java:293)
	at io.cucumber.junit.Cucumber$RunBeforeAllHooks.evaluate(Cucumber.java:266)
	at io.cucumber.junit.Cucumber$RunAfterAllHooks.evaluate(Cucumber.java:281)
	at io.cucumber.junit.Cucumber$StartTestRun.evaluate(Cucumber.java:233)
	at io.cucumber.junit.Cucumber$FinishTestRun.evaluate(Cucumber.java:248)
	at org.junit.runners.ParentRunner$3.evaluate(ParentRunner.java:306)
	at org.junit.runners.ParentRunner.run(ParentRunner.java:413)
	at org.junit.runner.JUnitCore.run(JUnitCore.java:137)
	at com.intellij.junit4.JUnit4IdeaTestRunner.startRunnerWithArgs(JUnit4IdeaTestRunner.java:69)
	at com.intellij.rt.junit.IdeaTestRunner$Repeater$1.execute(IdeaTestRunner.java:38)
	at com.intellij.rt.execution.junit.TestsRepeater.repeat(TestsRepeater.java:11)
	at com.intellij.rt.junit.IdeaTestRunner$Repeater.startRunnerWithArgs(IdeaTestRunner.java:35)
	at com.intellij.rt.junit.JUnitStarter.prepareStreamsAndStart(JUnitStarter.java:235)
	at com.intellij.rt.junit.JUnitStarter.main(JUnitStarter.java:54)


    Embedding demo1 [image/png 66635 bytes]

  When user click on Sign-In button                                                       # steps.SignInPageSteps.user_click_on_sign_in_button()
  And user should be able to see the valid "Hello,Lounas" user name                       # steps.SignInPageSteps.user_should_be_able_to_see_the_valid_user_name(java.lang.String)
